<?xml version="1.0" encoding="UTF-8"?>
<!-- Generated by org.testng.reporters.JUnitReportReporter -->
<testsuite hostname="DESKTOP-7HU58PF" name="testngExamples.Annotations" tests="1" failures="0" timestamp="3 Oct 2020 05:28:15 GMT" time="0.012" errors="0">
  <testcase name="f" time="0.012" classname="testngExamples.Annotations"/>
</testsuite> <!-- testngExamples.Annotations -->
