<?xml version="1.0" encoding="UTF-8"?>
<!-- Generated by org.testng.reporters.JUnitReportReporter -->
<testsuite hostname="DESKTOP-7HU58PF" name="handlingData.NotePad" tests="1" failures="0" timestamp="6 Oct 2020 08:15:36 GMT" time="1.773" errors="0">
  <testcase name="readwriteProperty" time="1.773" classname="handlingData.NotePad"/>
</testsuite> <!-- handlingData.NotePad -->
