<?xml version="1.0" encoding="UTF-8"?>
<!-- Generated by org.testng.reporters.JUnitReportReporter -->
<testsuite hostname="DESKTOP-7HU58PF" name="testngExamples.DemoGroups" tests="1" failures="0" timestamp="4 Oct 2020 11:36:35 GMT" time="0.026" errors="0">
  <testcase name="method4" time="0.026" classname="testngExamples.DemoGroups"/>
</testsuite> <!-- testngExamples.DemoGroups -->
