<?xml version="1.0" encoding="UTF-8"?>
<!-- Generated by org.testng.reporters.JUnitReportReporter -->
<testsuite hostname="DESKTOP-7HU58PF" name="testngExamples.NewTest1" tests="1" failures="0" timestamp="3 Oct 2020 07:00:15 GMT" time="0.020" errors="0">
  <testcase name="method1" time="0.020" classname="testngExamples.NewTest1"/>
</testsuite> <!-- testngExamples.NewTest1 -->
