<?xml version="1.0" encoding="UTF-8"?>
<!-- Generated by org.testng.reporters.JUnitReportReporter -->
<testsuite hostname="DESKTOP-7HU58PF" name="testngExamples.BestExample" tests="3" failures="0" timestamp="3 Oct 2020 04:42:07 GMT" time="0.018" errors="0">
  <testcase name="signUp" time="0.015" classname="testngExamples.BestExample"/>
  <testcase name="logout" time="0.001" classname="testngExamples.BestExample"/>
  <testcase name="login" time="0.002" classname="testngExamples.BestExample"/>
</testsuite> <!-- testngExamples.BestExample -->
