<?xml version="1.0" encoding="UTF-8"?>
<!-- Generated by org.testng.reporters.JUnitReportReporter -->
<testsuite hostname="DESKTOP-7HU58PF" name="testngExamples.Demo2" tests="5" failures="0" timestamp="3 Oct 2020 04:07:36 GMT" time="0.025" errors="0">
  <testcase name="testE" time="0.003" classname="testngExamples.Demo2"/>
  <testcase name="testA" time="0.015" classname="testngExamples.Demo2"/>
  <testcase name="testD" time="0.001" classname="testngExamples.Demo2"/>
  <testcase name="testC" time="0.004" classname="testngExamples.Demo2"/>
  <testcase name="testB" time="0.002" classname="testngExamples.Demo2"/>
</testsuite> <!-- testngExamples.Demo2 -->
