<?xml version="1.0" encoding="UTF-8"?>
<!-- Generated by org.testng.reporters.JUnitReportReporter -->
<testsuite hostname="DESKTOP-7HU58PF" name="testngExamples.DemoTestNg" tests="1" failures="0" timestamp="3 Oct 2020 04:12:51 GMT" time="0.020" errors="0">
  <testcase name="DemoProgram" time="0.020" classname="testngExamples.DemoTestNg"/>
</testsuite> <!-- testngExamples.DemoTestNg -->
